INFO  time: initialize in 0.33s
WARN  no build tool detected in workspace '/Users/bill/Projects/advent_of_code'. The most common cause for this problem is that the editor was opened in the wrong working directory, for example if you use sbt then the workspace directory should contain build.sbt. 
WARN  no build target: /Users/bill/Projects/advent_of_code/2020/dec_8/script.scala
INFO  no build target: using presentation compiler with only scala-library
WARN  no build target: /Users/bill/Projects/advent_of_code/2020/dec_9/script.scala
WARN  no build tool detected in workspace '/Users/bill/Projects/advent_of_code'. The most common cause for this problem is that the editor was opened in the wrong working directory, for example if you use sbt then the workspace directory should contain build.sbt. 
WARN  no build tool detected in workspace '/Users/bill/Projects/advent_of_code'. The most common cause for this problem is that the editor was opened in the wrong working directory, for example if you use sbt then the workspace directory should contain build.sbt. 
WARN  no build target: /Users/bill/Projects/advent_of_code/2020/dec_9/script.scala
WARN  no build target: 
WARN  no build target: /Users/bill/Projects/advent_of_code/2020/dec_8/script.scala
something's wrong: no file:///Users/bill/Projects/advent_of_code/2020/dec_9/script.scala in Map[Int,<error>]RangePosition(file:///Users/bill/Projects/advent_of_code/2020/dec_9/script.scala, 168, 168, 186)
something's wrong: no file:///Users/bill/Projects/advent_of_code/2020/dec_9/script.scala in Map[Int,<error>]RangePosition(file:///Users/bill/Projects/advent_of_code/2020/dec_9/script.scala, 168, 168, 179)
something's wrong: no file:///Users/bill/Projects/advent_of_code/2020/dec_9/script.scala in Map[Int,Int]RangePosition(file:///Users/bill/Projects/advent_of_code/2020/dec_9/script.scala, 168, 168, 181)
something's wrong: no file:///Users/bill/Projects/advent_of_code/2020/dec_9/script.scala in Map[Int,Int]RangePosition(file:///Users/bill/Projects/advent_of_code/2020/dec_9/script.scala, 168, 168, 181)
something's wrong: no file:///Users/bill/Projects/advent_of_code/2020/dec_9/script.scala in Map[Int,Int]RangePosition(file:///Users/bill/Projects/advent_of_code/2020/dec_9/script.scala, 168, 168, 181)
something's wrong: no file:///Users/bill/Projects/advent_of_code/2020/dec_9/script.scala in Iterator[<error>]RangePosition(file:///Users/bill/Projects/advent_of_code/2020/dec_9/script.scala, 268, 268, 286)
something's wrong: no file:///Users/bill/Projects/advent_of_code/2020/dec_9/script.scala in Iterator[<error>]RangePosition(file:///Users/bill/Projects/advent_of_code/2020/dec_9/script.scala, 268, 268, 279)
something's wrong: no file:///Users/bill/Projects/advent_of_code/2020/dec_9/script.scala in Iterator[<error>]RangePosition(file:///Users/bill/Projects/advent_of_code/2020/dec_9/script.scala, 268, 268, 283)
something's wrong: no file:///Users/bill/Projects/advent_of_code/2020/dec_9/script.scala in Iterator[String]RangePosition(file:///Users/bill/Projects/advent_of_code/2020/dec_9/script.scala, 268, 268, 284)
something's wrong: no file:///Users/bill/Projects/advent_of_code/2020/dec_9/script.scala in Iterator[String]RangePosition(file:///Users/bill/Projects/advent_of_code/2020/dec_9/script.scala, 268, 268, 284)
something's wrong: no file:///Users/bill/Projects/advent_of_code/2020/dec_9/script.scala in Iterator[String]RangePosition(file:///Users/bill/Projects/advent_of_code/2020/dec_9/script.scala, 268, 268, 284)
WARN  no build tool detected in workspace '/Users/bill/Projects/advent_of_code'. The most common cause for this problem is that the editor was opened in the wrong working directory, for example if you use sbt then the workspace directory should contain build.sbt. 
WARN  no build target: /Users/bill/Projects/advent_of_code/2020/dec_9/script.scala
WARN  no build target: 
Dec 09, 2020 11:37:43 PM scala.meta.internal.pc.CompilerAccess handleError
SEVERE: Cannot invoke "scala.reflect.internal.Types$Type.memberType(scala.reflect.internal.Symbols$Symbol)" because "pre" is null
java.lang.NullPointerException: Cannot invoke "scala.reflect.internal.Types$Type.memberType(scala.reflect.internal.Symbols$Symbol)" because "pre" is null
	at scala.meta.internal.pc.HoverProvider.seenFromType(HoverProvider.scala:106)
	at scala.meta.internal.pc.HoverProvider.hover(HoverProvider.scala:42)

WARN  no build target: /Users/bill/Projects/advent_of_code/2020/dec_9/script.scala
WARN  no build target: 
WARN  no build tool detected in workspace '/Users/bill/Projects/advent_of_code'. The most common cause for this problem is that the editor was opened in the wrong working directory, for example if you use sbt then the workspace directory should contain build.sbt. 
WARN  no build tool detected in workspace '/Users/bill/Projects/advent_of_code'. The most common cause for this problem is that the editor was opened in the wrong working directory, for example if you use sbt then the workspace directory should contain build.sbt. 
WARN  no build target: /Users/bill/Projects/advent_of_code/2020/dec_9/script.scala
WARN  no build target: 
something's wrong: no file:///Users/bill/Projects/advent_of_code/2020/dec_9/script.scala in XmasState => <error>RangePosition(file:///Users/bill/Projects/advent_of_code/2020/dec_9/script.scala, 898, 908, 934)
something's wrong: no file:///Users/bill/Projects/advent_of_code/2020/dec_9/script.scala in XmasState => <error>RangePosition(file:///Users/bill/Projects/advent_of_code/2020/dec_9/script.scala, 898, 908, 941)
something's wrong: no file:///Users/bill/Projects/advent_of_code/2020/dec_9/script.scala in XmasState => <error>RangePosition(file:///Users/bill/Projects/advent_of_code/2020/dec_9/script.scala, 898, 908, 946)
something's wrong: no file:///Users/bill/Projects/advent_of_code/2020/dec_9/script.scala in XmasState => <error>RangePosition(file:///Users/bill/Projects/advent_of_code/2020/dec_9/script.scala, 898, 908, 953)
something's wrong: no file:///Users/bill/Projects/advent_of_code/2020/dec_9/script.scala in XmasState => <error>RangePosition(file:///Users/bill/Projects/advent_of_code/2020/dec_9/script.scala, 898, 908, 963)
WARN  no build target: /Users/bill/Projects/advent_of_code/2020/dec_9/script.scala
WARN  no build target: 
WARN  no build target: /Users/bill/Projects/advent_of_code/2020/dec_9/script.scala
WARN  no build target: 
WARN  no build target: /Users/bill/Projects/advent_of_code/2020/dec_9/script.scala
WARN  no build target: 
WARN  no build target: /Users/bill/Projects/advent_of_code/2020/dec_9/script.scala
WARN  no build target: /Users/bill/Projects/advent_of_code/2020/dec_9/script.scala
WARN  no build target: 
WARN  no build target: /Users/bill/Projects/advent_of_code/2020/dec_9/script.scala
WARN  no build target: 
WARN  no build target: /Users/bill/Projects/advent_of_code/2020/dec_9/script.scala
WARN  no build target: 
WARN  no build tool detected in workspace '/Users/bill/Projects/advent_of_code'. The most common cause for this problem is that the editor was opened in the wrong working directory, for example if you use sbt then the workspace directory should contain build.sbt. 
WARN  no build target: /Users/bill/Projects/advent_of_code/2020/dec_9/script.scala
WARN  no build target: 
WARN  no build target: /Users/bill/Projects/advent_of_code/2020/dec_9/script.scala
WARN  no build target: 
WARN  no build target: /Users/bill/Projects/advent_of_code/2020/dec_9/script.scala
WARN  no build target: 
Dec 10, 2020 12:49:50 AM scala.meta.internal.pc.CompilerAccess handleError
SEVERE: Cannot invoke "scala.reflect.internal.Types$Type.memberType(scala.reflect.internal.Symbols$Symbol)" because "pre" is null
java.lang.NullPointerException: Cannot invoke "scala.reflect.internal.Types$Type.memberType(scala.reflect.internal.Symbols$Symbol)" because "pre" is null
	at scala.meta.internal.pc.HoverProvider.seenFromType(HoverProvider.scala:106)
	at scala.meta.internal.pc.HoverProvider.hover(HoverProvider.scala:42)

Dec 10, 2020 12:49:51 AM scala.meta.internal.pc.CompilerAccess handleError
SEVERE: Cannot invoke "scala.reflect.internal.Types$Type.memberType(scala.reflect.internal.Symbols$Symbol)" because "pre" is null
java.lang.NullPointerException: Cannot invoke "scala.reflect.internal.Types$Type.memberType(scala.reflect.internal.Symbols$Symbol)" because "pre" is null
	at scala.meta.internal.pc.HoverProvider.seenFromType(HoverProvider.scala:106)
	at scala.meta.internal.pc.HoverProvider.hover(HoverProvider.scala:42)

WARN  no build target: /Users/bill/Projects/advent_of_code/2020/dec_9/script.scala
WARN  no build target: 
WARN  no build tool detected in workspace '/Users/bill/Projects/advent_of_code'. The most common cause for this problem is that the editor was opened in the wrong working directory, for example if you use sbt then the workspace directory should contain build.sbt. 
WARN  no build target: /Users/bill/Projects/advent_of_code/2020/dec_9/script.scala
WARN  no build target: 
WARN  no build tool detected in workspace '/Users/bill/Projects/advent_of_code'. The most common cause for this problem is that the editor was opened in the wrong working directory, for example if you use sbt then the workspace directory should contain build.sbt. 
WARN  no build target: /Users/bill/Projects/advent_of_code/2020/dec_9/script.scala
WARN  no build target: 
WARN  no build target: /Users/bill/Projects/advent_of_code/2020/dec_9/script.scala
WARN  no build target: 
WARN  no build target: /Users/bill/Projects/advent_of_code/2020/dec_9/script.scala
WARN  no build target: 
WARN  no build target: /Users/bill/Projects/advent_of_code/2020/dec_9/script.scala
WARN  no build target: 
WARN  no build tool detected in workspace '/Users/bill/Projects/advent_of_code'. The most common cause for this problem is that the editor was opened in the wrong working directory, for example if you use sbt then the workspace directory should contain build.sbt. 
WARN  no build target: /Users/bill/Projects/advent_of_code/2020/dec_9/script.scala
WARN  no build target: 
WARN  no build target: /Users/bill/Projects/advent_of_code/2020/dec_9/script.scala
WARN  no build target: 
WARN  no build target: /Users/bill/Projects/advent_of_code/2020/dec_9/script.scala
WARN  no build target: 
WARN  no build target: /Users/bill/Projects/advent_of_code/2020/dec_9/script.scala
WARN  no build target: 
WARN  no build target: /Users/bill/Projects/advent_of_code/2020/dec_9/script.scala
WARN  no build target: 
WARN  no build target: /Users/bill/Projects/advent_of_code/2020/dec_9/script.scala
WARN  no build target: 
WARN  no build target: /Users/bill/Projects/advent_of_code/2020/dec_9/script.scala
WARN  no build target: 
something's wrong: no file:///Users/bill/Projects/advent_of_code/2020/dec_9/script.scala in Map[Long,<error>]RangePosition(file:///Users/bill/Projects/advent_of_code/2020/dec_9/script.scala, 315, 315, 333)
something's wrong: no file:///Users/bill/Projects/advent_of_code/2020/dec_9/script.scala in Map[Long,<error>]RangePosition(file:///Users/bill/Projects/advent_of_code/2020/dec_9/script.scala, 315, 315, 334)
something's wrong: no file:///Users/bill/Projects/advent_of_code/2020/dec_9/script.scala in Map[Long,<error>]RangePosition(file:///Users/bill/Projects/advent_of_code/2020/dec_9/script.scala, 315, 315, 327)
something's wrong: no file:///Users/bill/Projects/advent_of_code/2020/dec_9/script.scala in Map[Long,Long]RangePosition(file:///Users/bill/Projects/advent_of_code/2020/dec_9/script.scala, 315, 315, 330)
WARN  no build target: /Users/bill/Projects/advent_of_code/2020/dec_9/script.scala
WARN  no build target: 
WARN  no build target: /Users/bill/Projects/advent_of_code/2020/dec_9/script.scala
WARN  no build target: 
WARN  no build target: /Users/bill/Projects/advent_of_code/2020/dec_9/script.scala
WARN  no build target: 
something's wrong: no file:///Users/bill/Projects/advent_of_code/2020/dec_9/script.scala in Map[Long,Long]RangePosition(file:///Users/bill/Projects/advent_of_code/2020/dec_9/script.scala, 244, 244, 259)
WARN  no build tool detected in workspace '/Users/bill/Projects/advent_of_code'. The most common cause for this problem is that the editor was opened in the wrong working directory, for example if you use sbt then the workspace directory should contain build.sbt. 
WARN  no build target: /Users/bill/Projects/advent_of_code/2020/dec_9/script.scala
WARN  no build target: 
WARN  no build tool detected in workspace '/Users/bill/Projects/advent_of_code'. The most common cause for this problem is that the editor was opened in the wrong working directory, for example if you use sbt then the workspace directory should contain build.sbt. 
WARN  no build tool detected in workspace '/Users/bill/Projects/advent_of_code'. The most common cause for this problem is that the editor was opened in the wrong working directory, for example if you use sbt then the workspace directory should contain build.sbt. 
WARN  no build tool detected in workspace '/Users/bill/Projects/advent_of_code'. The most common cause for this problem is that the editor was opened in the wrong working directory, for example if you use sbt then the workspace directory should contain build.sbt. 
WARN  no build tool detected in workspace '/Users/bill/Projects/advent_of_code'. The most common cause for this problem is that the editor was opened in the wrong working directory, for example if you use sbt then the workspace directory should contain build.sbt. 
WARN  no build tool detected in workspace '/Users/bill/Projects/advent_of_code'. The most common cause for this problem is that the editor was opened in the wrong working directory, for example if you use sbt then the workspace directory should contain build.sbt. 
WARN  no build tool detected in workspace '/Users/bill/Projects/advent_of_code'. The most common cause for this problem is that the editor was opened in the wrong working directory, for example if you use sbt then the workspace directory should contain build.sbt. 
WARN  no build target: /Users/bill/Projects/advent_of_code/2020/dec_9/script.scala
WARN  no build target: 
WARN  no build target: /Users/bill/Projects/advent_of_code/2020/dec_9/script.scala
WARN  no build target: 
WARN  no build target: /Users/bill/Projects/advent_of_code/2020/dec_9/script.scala
WARN  no build target: 
WARN  no build tool detected in workspace '/Users/bill/Projects/advent_of_code'. The most common cause for this problem is that the editor was opened in the wrong working directory, for example if you use sbt then the workspace directory should contain build.sbt. 
WARN  no build target: /Users/bill/Projects/advent_of_code/2020/dec_9/script.scala
WARN  no build target: 
WARN  no build tool detected in workspace '/Users/bill/Projects/advent_of_code'. The most common cause for this problem is that the editor was opened in the wrong working directory, for example if you use sbt then the workspace directory should contain build.sbt. 
WARN  no build target: /Users/bill/Projects/advent_of_code/2020/dec_9/script.scala
WARN  no build target: 
WARN  no build tool detected in workspace '/Users/bill/Projects/advent_of_code'. The most common cause for this problem is that the editor was opened in the wrong working directory, for example if you use sbt then the workspace directory should contain build.sbt. 
WARN  no build tool detected in workspace '/Users/bill/Projects/advent_of_code'. The most common cause for this problem is that the editor was opened in the wrong working directory, for example if you use sbt then the workspace directory should contain build.sbt. 
WARN  no build tool detected in workspace '/Users/bill/Projects/advent_of_code'. The most common cause for this problem is that the editor was opened in the wrong working directory, for example if you use sbt then the workspace directory should contain build.sbt. 
WARN  no build target: /Users/bill/Projects/advent_of_code/2020/dec_9/script.scala
WARN  no build target: /Users/bill/Projects/advent_of_code/2020/dec_9/script.scala
WARN  no build target: 
WARN  no build tool detected in workspace '/Users/bill/Projects/advent_of_code'. The most common cause for this problem is that the editor was opened in the wrong working directory, for example if you use sbt then the workspace directory should contain build.sbt. 
WARN  no build target: /Users/bill/Projects/advent_of_code/2020/dec_9/script.scala
WARN  no build target: 
WARN  no build tool detected in workspace '/Users/bill/Projects/advent_of_code'. The most common cause for this problem is that the editor was opened in the wrong working directory, for example if you use sbt then the workspace directory should contain build.sbt. 
WARN  no build target: /Users/bill/Projects/advent_of_code/2020/dec_9/script.scala
WARN  no build target: 
WARN  no build tool detected in workspace '/Users/bill/Projects/advent_of_code'. The most common cause for this problem is that the editor was opened in the wrong working directory, for example if you use sbt then the workspace directory should contain build.sbt. 
WARN  no build target: /Users/bill/Projects/advent_of_code/2020/dec_9/script.scala
WARN  no build target: 
WARN  no build target: /Users/bill/Projects/advent_of_code/2020/dec_9/script.scala
WARN  no build target: 
WARN  no build tool detected in workspace '/Users/bill/Projects/advent_of_code'. The most common cause for this problem is that the editor was opened in the wrong working directory, for example if you use sbt then the workspace directory should contain build.sbt. 
WARN  no build target: /Users/bill/Projects/advent_of_code/2020/dec_9/script.scala
WARN  no build target: 
WARN  no build tool detected in workspace '/Users/bill/Projects/advent_of_code'. The most common cause for this problem is that the editor was opened in the wrong working directory, for example if you use sbt then the workspace directory should contain build.sbt. 
WARN  no build target: /Users/bill/Projects/advent_of_code/2020/dec_9/script.scala
WARN  no build target: 
WARN  no build target: /Users/bill/Projects/advent_of_code/2020/dec_9/script.scala
WARN  no build target: 
WARN  no build tool detected in workspace '/Users/bill/Projects/advent_of_code'. The most common cause for this problem is that the editor was opened in the wrong working directory, for example if you use sbt then the workspace directory should contain build.sbt. 
WARN  no build target: /Users/bill/Projects/advent_of_code/2020/dec_9/script.scala
WARN  no build target: 
WARN  no build target: /Users/bill/Projects/advent_of_code/2020/dec_9/script.scala
WARN  no build target: 
WARN  no build target: /Users/bill/Projects/advent_of_code/2020/dec_9/script.scala
WARN  no build target: 
WARN  no build tool detected in workspace '/Users/bill/Projects/advent_of_code'. The most common cause for this problem is that the editor was opened in the wrong working directory, for example if you use sbt then the workspace directory should contain build.sbt. 
WARN  no build tool detected in workspace '/Users/bill/Projects/advent_of_code'. The most common cause for this problem is that the editor was opened in the wrong working directory, for example if you use sbt then the workspace directory should contain build.sbt. 
WARN  no build tool detected in workspace '/Users/bill/Projects/advent_of_code'. The most common cause for this problem is that the editor was opened in the wrong working directory, for example if you use sbt then the workspace directory should contain build.sbt. 
WARN  no build target: /Users/bill/Projects/advent_of_code/2020/dec_9/script.scala
WARN  no build target: 
WARN  no build tool detected in workspace '/Users/bill/Projects/advent_of_code'. The most common cause for this problem is that the editor was opened in the wrong working directory, for example if you use sbt then the workspace directory should contain build.sbt. 
WARN  no build target: /Users/bill/Projects/advent_of_code/2020/dec_9/script.scala
WARN  no build target: 
WARN  no build target: /Users/bill/Projects/advent_of_code/2020/dec_9/script.scala
WARN  no build target: 
WARN  no build tool detected in workspace '/Users/bill/Projects/advent_of_code'. The most common cause for this problem is that the editor was opened in the wrong working directory, for example if you use sbt then the workspace directory should contain build.sbt. 
WARN  no build tool detected in workspace '/Users/bill/Projects/advent_of_code'. The most common cause for this problem is that the editor was opened in the wrong working directory, for example if you use sbt then the workspace directory should contain build.sbt. 
WARN  no build tool detected in workspace '/Users/bill/Projects/advent_of_code'. The most common cause for this problem is that the editor was opened in the wrong working directory, for example if you use sbt then the workspace directory should contain build.sbt. 
WARN  no build target: /Users/bill/Projects/advent_of_code/2020/dec_9/script.scala
WARN  no build target: 
WARN  no build target: /Users/bill/Projects/advent_of_code/2020/dec_9/script.scala
WARN  no build target: 
WARN  no build target: /Users/bill/Projects/advent_of_code/2020/dec_9/script.scala
WARN  no build target: 
WARN  no build target: /Users/bill/Projects/advent_of_code/2020/dec_9/script.scala
WARN  no build target: 
WARN  no build target: /Users/bill/Projects/advent_of_code/2020/dec_9/script.scala
WARN  no build target: /Users/bill/Projects/advent_of_code/2020/dec_9/script.scala
WARN  no build target: /Users/bill/Projects/advent_of_code/2020/dec_9/script.scala
WARN  no build target: /Users/bill/Projects/advent_of_code/2020/dec_9/script.scala
WARN  no build target: /Users/bill/Projects/advent_of_code/2020/dec_9/script.scala
WARN  no build target: /Users/bill/Projects/advent_of_code/2020/dec_9/script.scala
WARN  no build target: /Users/bill/Projects/advent_of_code/2020/dec_9/script.scala
WARN  no build target: /Users/bill/Projects/advent_of_code/2020/dec_9/script.scala
WARN  no build target: /Users/bill/Projects/advent_of_code/2020/dec_10/script.scala
WARN  no build target: /Users/bill/Projects/advent_of_code/2020/dec_10/script.scala
WARN  no build target: /Users/bill/Projects/advent_of_code/2020/dec_10/script.scala
WARN  no build target: /Users/bill/Projects/advent_of_code/2020/dec_10/script.scala
WARN  no build target: /Users/bill/Projects/advent_of_code/2020/dec_10/script.scala
WARN  no build target: /Users/bill/Projects/advent_of_code/2020/dec_10/script.scala
WARN  no build target: /Users/bill/Projects/advent_of_code/2020/dec_10/script.scala
WARN  no build target: /Users/bill/Projects/advent_of_code/2020/dec_10/script.scala
WARN  no build target: /Users/bill/Projects/advent_of_code/2020/dec_10/script.scala
WARN  no build target: /Users/bill/Projects/advent_of_code/2020/dec_10/script.scala
WARN  no build target: /Users/bill/Projects/advent_of_code/2020/dec_10/script.scala
WARN  no build target: /Users/bill/Projects/advent_of_code/2020/dec_10/script.scala
WARN  no build target: /Users/bill/Projects/advent_of_code/2020/dec_10/script.scala
WARN  no build target: /Users/bill/Projects/advent_of_code/2020/dec_10/script.scala
WARN  no build target: /Users/bill/Projects/advent_of_code/2020/dec_10/script.scala
WARN  no build target: /Users/bill/Projects/advent_of_code/2020/dec_10/script.scala
WARN  no build target: /Users/bill/Projects/advent_of_code/2020/dec_10/script.scala
WARN  no build target: /Users/bill/Projects/advent_of_code/2020/dec_10/script.scala
WARN  no build target: /Users/bill/Projects/advent_of_code/2020/dec_10/script.scala
WARN  no build target: /Users/bill/Projects/advent_of_code/2020/dec_10/script.scala
WARN  no build target: /Users/bill/Projects/advent_of_code/2020/dec_10/script.scala
WARN  no build target: /Users/bill/Projects/advent_of_code/2020/dec_10/script.scala
WARN  no build target: /Users/bill/Projects/advent_of_code/2020/dec_10/script.scala
WARN  no build target: /Users/bill/Projects/advent_of_code/2020/dec_10/script.scala
WARN  no build target: /Users/bill/Projects/advent_of_code/2020/dec_10/script.scala
WARN  no build target: /Users/bill/Projects/advent_of_code/2020/dec_11/script.scala
WARN  no build target: /Users/bill/Projects/advent_of_code/2020/dec_11/script.scala
WARN  no build target: /Users/bill/Projects/advent_of_code/2020/dec_11/script.scala
WARN  no build target: /Users/bill/Projects/advent_of_code/2020/dec_11/script.scala
WARN  no build target: /Users/bill/Projects/advent_of_code/2020/dec_11/script.scala
WARN  no build target: /Users/bill/Projects/advent_of_code/2020/dec_11/script.scala
WARN  no build target: /Users/bill/Projects/advent_of_code/2020/dec_11/script.scala
WARN  no build target: /Users/bill/Projects/advent_of_code/2020/dec_11/script.scala
WARN  no build target: /Users/bill/Projects/advent_of_code/2020/dec_11/script.scala
WARN  no build target: /Users/bill/Projects/advent_of_code/2020/dec_11/script.scala
WARN  no build target: /Users/bill/Projects/advent_of_code/2020/dec_11/script.scala
WARN  no build target: /Users/bill/Projects/advent_of_code/2020/dec_11/script.scala
WARN  no build target: /Users/bill/Projects/advent_of_code/2020/dec_11/script.scala
WARN  no build target: /Users/bill/Projects/advent_of_code/2020/dec_11/script.scala
WARN  no build target: /Users/bill/Projects/advent_of_code/2020/dec_11/script.scala
WARN  no build target: /Users/bill/Projects/advent_of_code/2020/dec_11/script.scala
WARN  no build target: /Users/bill/Projects/advent_of_code/2020/dec_11/script.scala
WARN  no build target: /Users/bill/Projects/advent_of_code/2020/dec_11/script.scala
WARN  no build target: /Users/bill/Projects/advent_of_code/2020/dec_11/script.scala
WARN  no build target: /Users/bill/Projects/advent_of_code/2020/dec_11/script.scala
WARN  no build target: /Users/bill/Projects/advent_of_code/2020/dec_11/script.scala
WARN  no build target: /Users/bill/Projects/advent_of_code/2020/dec_11/script.scala
WARN  no build target: /Users/bill/Projects/advent_of_code/2020/dec_11/script.scala
WARN  no build target: /Users/bill/Projects/advent_of_code/2020/dec_11/script.scala
WARN  no build target: /Users/bill/Projects/advent_of_code/2020/dec_11/script.scala
WARN  no build target: /Users/bill/Projects/advent_of_code/2020/dec_11/script.scala
WARN  no build target: /Users/bill/Projects/advent_of_code/2020/dec_11/script.scala
WARN  no build target: /Users/bill/Projects/advent_of_code/2020/dec_11/script.scala
WARN  no build target: /Users/bill/Projects/advent_of_code/2020/dec_11/script.scala
WARN  no build target: /Users/bill/Projects/advent_of_code/2020/dec_11/script.scala
WARN  no build target: /Users/bill/Projects/advent_of_code/2020/dec_11/script.scala
WARN  no build target: /Users/bill/Projects/advent_of_code/2020/dec_11/script.scala
WARN  no build target: /Users/bill/Projects/advent_of_code/2020/dec_11/script.scala
WARN  no build target: /Users/bill/Projects/advent_of_code/2020/dec_11/script.scala
WARN  no build target: /Users/bill/Projects/advent_of_code/2020/dec_11/script.scala
WARN  no build target: /Users/bill/Projects/advent_of_code/2020/dec_11/script.scala
WARN  no build target: /Users/bill/Projects/advent_of_code/2020/dec_11/script.scala
WARN  no build target: /Users/bill/Projects/advent_of_code/2020/dec_11/script.scala
WARN  no build target: /Users/bill/Projects/advent_of_code/2020/dec_11/script.scala
WARN  no build target: /Users/bill/Projects/advent_of_code/2020/dec_11/script.scala
WARN  no build target: /Users/bill/Projects/advent_of_code/2020/dec_11/script.scala
WARN  no build target: /Users/bill/Projects/advent_of_code/2020/dec_11/script.scala
WARN  no build target: /Users/bill/Projects/advent_of_code/2020/dec_11/script.scala
WARN  no build target: /Users/bill/Projects/advent_of_code/2020/dec_11/script.scala
WARN  no build target: /Users/bill/Projects/advent_of_code/2020/dec_11/script.scala
WARN  no build target: /Users/bill/Projects/advent_of_code/2020/dec_11/script.scala
WARN  no build target: /Users/bill/Projects/advent_of_code/2020/dec_11/script.scala
WARN  no build target: /Users/bill/Projects/advent_of_code/2020/dec_11/script.scala
WARN  no build target: /Users/bill/Projects/advent_of_code/2020/dec_11/script.scala
  /Users/bill/Projects/advent_of_code/2020/dec_11/script.scala
WARN  no build target: /Users/bill/Projects/advent_of_code/2020/dec_11/script.scala
WARN  no build target: /Users/bill/Projects/advent_of_code/2020/dec_11/script.scala
WARN  no build target: /Users/bill/Projects/advent_of_code/2020/dec_11/script.scala
WARN  no build target: /Users/bill/Projects/advent_of_code/2020/dec_11/script.scala
WARN  no build target: /Users/bill/Projects/advent_of_code/2020/dec_11/script.scala
WARN  no build target: /Users/bill/Projects/advent_of_code/2020/dec_11/script.scala
WARN  no build target: /Users/bill/Projects/advent_of_code/2020/dec_11/script.scala
WARN  no build target: /Users/bill/Projects/advent_of_code/2020/dec_11/script.scala
WARN  no build target: /Users/bill/Projects/advent_of_code/2020/dec_11/script.scala
WARN  no build target: /Users/bill/Projects/advent_of_code/2020/dec_11/script.scala
WARN  no build target: /Users/bill/Projects/advent_of_code/2020/dec_11/script.scala
WARN  no build target: /Users/bill/Projects/advent_of_code/2020/dec_11/script.scala
WARN  no build target: /Users/bill/Projects/advent_of_code/2020/dec_11/script.scala
WARN  no build target: /Users/bill/Projects/advent_of_code/2020/dec_11/script.scala
WARN  no build target: /Users/bill/Projects/advent_of_code/2020/dec_11/script.scala
WARN  no build target: /Users/bill/Projects/advent_of_code/2020/dec_11/script.scala
WARN  no build target: /Users/bill/Projects/advent_of_code/2020/dec_11/script.scala
WARN  no build target: /Users/bill/Projects/advent_of_code/2020/dec_11/script.scala
WARN  no build target: /Users/bill/Projects/advent_of_code/2020/dec_11/script.scala
WARN  no build target: /Users/bill/Projects/advent_of_code/2020/dec_11/script.scala
WARN  no build target: /Users/bill/Projects/advent_of_code/2020/dec_11/script.scala
WARN  no build target: /Users/bill/Projects/advent_of_code/2020/dec_11/script.scala
WARN  no build target: /Users/bill/Projects/advent_of_code/2020/dec_11/script.scala
WARN  no build target: /Users/bill/Projects/advent_of_code/2020/dec_11/script.scala
WARN  no build target: /Users/bill/Projects/advent_of_code/2020/dec_11/script.scala
WARN  no build target: /Users/bill/Projects/advent_of_code/2020/dec_11/script.scala
WARN  no build target: /Users/bill/Projects/advent_of_code/2020/dec_11/script.scala
WARN  no build target: /Users/bill/Projects/advent_of_code/2020/dec_11/script.scala
WARN  no build target: /Users/bill/Projects/advent_of_code/2020/dec_11/script.scala
WARN  no build target: /Users/bill/Projects/advent_of_code/2020/dec_11/script.scala
WARN  no build target: /Users/bill/Projects/advent_of_code/2020/dec_11/script.scala
WARN  no build target: /Users/bill/Projects/advent_of_code/2020/dec_11/script.scala
WARN  no build target: /Users/bill/Projects/advent_of_code/2020/dec_11/script.scala
WARN  no build target: /Users/bill/Projects/advent_of_code/2020/dec_11/script.scala
WARN  no build target: /Users/bill/Projects/advent_of_code/2020/dec_11/script.scala
WARN  no build target: /Users/bill/Projects/advent_of_code/2020/dec_11/script.scala
WARN  no build target: /Users/bill/Projects/advent_of_code/2020/dec_11/script.scala
WARN  no build target: /Users/bill/Projects/advent_of_code/2020/dec_11/script.scala
WARN  no build target: /Users/bill/Projects/advent_of_code/2020/dec_11/script.scala
WARN  no build target: /Users/bill/Projects/advent_of_code/2020/dec_11/script.scala
WARN  no build target: /Users/bill/Projects/advent_of_code/2020/dec_11/script.scala
WARN  no build target: /Users/bill/Projects/advent_of_code/2020/dec_11/script.scala
WARN  no build target: /Users/bill/Projects/advent_of_code/2020/dec_11/script.scala
WARN  no build target: /Users/bill/Projects/advent_of_code/2020/dec_11/script.scala
WARN  no build target: /Users/bill/Projects/advent_of_code/2020/dec_11/script.scala
WARN  no build target: /Users/bill/Projects/advent_of_code/2020/dec_11/script.scala
WARN  no build target: /Users/bill/Projects/advent_of_code/2020/dec_11/script.scala
WARN  no build target: /Users/bill/Projects/advent_of_code/2020/dec_12/script.scala
WARN  no build target: /Users/bill/Projects/advent_of_code/2020/dec_12/script.scala
WARN  no build target: /Users/bill/Projects/advent_of_code/2020/dec_12/script.scala
WARN  no build target: /Users/bill/Projects/advent_of_code/2020/dec_12/script.scala
WARN  no build target: /Users/bill/Projects/advent_of_code/2020/dec_12/script.scala
WARN  no build target: /Users/bill/Projects/advent_of_code/2020/dec_12/script.scala
WARN  no build target: /Users/bill/Projects/advent_of_code/2020/dec_12/script.scala
WARN  no build target: /Users/bill/Projects/advent_of_code/2020/dec_12/script.scala
WARN  no build target: /Users/bill/Projects/advent_of_code/2020/dec_12/script.scala
WARN  no build target: /Users/bill/Projects/advent_of_code/2020/dec_12/script.scala
WARN  no build target: /Users/bill/Projects/advent_of_code/2020/dec_12/script.scala
WARN  no build target: /Users/bill/Projects/advent_of_code/2020/dec_12/script.scala
WARN  no build target: /Users/bill/Projects/advent_of_code/2020/dec_12/script.scala
WARN  no build target: /Users/bill/Projects/advent_of_code/2020/dec_12/script.scala
WARN  no build target: /Users/bill/Projects/advent_of_code/2020/dec_12/script.scala
WARN  no build target: /Users/bill/Projects/advent_of_code/2020/dec_12/script.scala
WARN  no build target: /Users/bill/Projects/advent_of_code/2020/dec_12/script.scala
WARN  no build target: /Users/bill/Projects/advent_of_code/2020/dec_12/script.scala
WARN  no build target: /Users/bill/Projects/advent_of_code/2020/dec_12/script.scala
WARN  no build target: /Users/bill/Projects/advent_of_code/2020/dec_12/script.scala
WARN  no build target: /Users/bill/Projects/advent_of_code/2020/dec_12/script.scala
WARN  no build target: /Users/bill/Projects/advent_of_code/2020/dec_12/script.scala
WARN  no build target: /Users/bill/Projects/advent_of_code/2020/dec_12/script.scala
WARN  no build target: /Users/bill/Projects/advent_of_code/2020/dec_12/script.scala
WARN  no build target: /Users/bill/Projects/advent_of_code/2020/dec_12/script.scala
WARN  no build target: /Users/bill/Projects/advent_of_code/2020/dec_12/script.scala
WARN  no build target: /Users/bill/Projects/advent_of_code/2020/dec_12/script.scala
WARN  no build target: /Users/bill/Projects/advent_of_code/2020/dec_12/script.scala
WARN  no build target: /Users/bill/Projects/advent_of_code/2020/dec_12/script.scala
WARN  no build target: /Users/bill/Projects/advent_of_code/2020/dec_12/script.scala
WARN  no build target: /Users/bill/Projects/advent_of_code/2020/dec_12/script.scala
WARN  no build target: /Users/bill/Projects/advent_of_code/2020/dec_12/script.scala
WARN  no build target: /Users/bill/Projects/advent_of_code/2020/dec_12/script.scala
WARN  no build target: /Users/bill/Projects/advent_of_code/2020/dec_12/script.scala
WARN  no build target: /Users/bill/Projects/advent_of_code/2020/dec_12/script.scala
WARN  no build target: /Users/bill/Projects/advent_of_code/2020/dec_12/script.scala
WARN  no build target: /Users/bill/Projects/advent_of_code/2020/dec_12/script.scala
WARN  no build target: /Users/bill/Projects/advent_of_code/2020/dec_12/script.scala
WARN  no build target: /Users/bill/Projects/advent_of_code/2020/dec_12/script.scala
Dec 13, 2020 11:22:44 PM org.eclipse.lsp4j.jsonrpc.RemoteEndpoint handleNotification
WARNING: Notification threw an exception: {
  "jsonrpc": "2.0",
  "method": "workspace/didChangeWatchedFiles",
  "params": {
    "changes": [
      {
        "uri": "file:///Users/bill/Projects/advent_of_code/2020/dec_13/scala.script",
        "type": 3
      }
    ]
  }
}
java.lang.RuntimeException: java.lang.reflect.InvocationTargetException
	at org.eclipse.lsp4j.jsonrpc.services.GenericEndpoint.lambda$null$0(GenericEndpoint.java:67)
	at org.eclipse.lsp4j.jsonrpc.services.GenericEndpoint.notify(GenericEndpoint.java:152)
	at org.eclipse.lsp4j.jsonrpc.RemoteEndpoint.handleNotification(RemoteEndpoint.java:220)
	at org.eclipse.lsp4j.jsonrpc.RemoteEndpoint.consume(RemoteEndpoint.java:187)
	at org.eclipse.lsp4j.jsonrpc.json.StreamMessageProducer.handleMessage(StreamMessageProducer.java:192)
	at org.eclipse.lsp4j.jsonrpc.json.StreamMessageProducer.listen(StreamMessageProducer.java:94)
	at org.eclipse.lsp4j.jsonrpc.json.ConcurrentMessageProcessor.run(ConcurrentMessageProcessor.java:113)
	at java.base/java.util.concurrent.Executors$RunnableAdapter.call(Executors.java:515)
	at java.base/java.util.concurrent.FutureTask.run(FutureTask.java:264)
	at java.base/java.util.concurrent.ThreadPoolExecutor.runWorker(ThreadPoolExecutor.java:1130)
	at java.base/java.util.concurrent.ThreadPoolExecutor$Worker.run(ThreadPoolExecutor.java:630)
	at java.base/java.lang.Thread.run(Thread.java:832)
Caused by: java.lang.reflect.InvocationTargetException
	at jdk.internal.reflect.GeneratedMethodAccessor9.invoke(Unknown Source)
	at java.base/jdk.internal.reflect.DelegatingMethodAccessorImpl.invoke(DelegatingMethodAccessorImpl.java:43)
	at java.base/java.lang.reflect.Method.invoke(Method.java:564)
	at org.eclipse.lsp4j.jsonrpc.services.GenericEndpoint.lambda$null$0(GenericEndpoint.java:65)
	... 11 more
Caused by: java.nio.file.NoSuchFileException: /Users/bill/Projects/advent_of_code/2020/dec_13/scala.script
	at java.base/sun.nio.fs.UnixException.translateToIOException(UnixException.java:92)
	at java.base/sun.nio.fs.UnixException.rethrowAsIOException(UnixException.java:106)
	at java.base/sun.nio.fs.UnixException.rethrowAsIOException(UnixException.java:111)
	at java.base/sun.nio.fs.UnixFileSystemProvider.newByteChannel(UnixFileSystemProvider.java:218)
	at java.base/java.nio.file.Files.newByteChannel(Files.java:375)
	at java.base/java.nio.file.Files.newByteChannel(Files.java:426)
	at java.base/java.nio.file.Files.readAllBytes(Files.java:3272)
	at scala.meta.internal.io.PlatformFileIO$.slurp(PlatformFileIO.scala:45)
	at scala.meta.internal.io.FileIO$.slurp(FileIO.scala:24)
	at scala.meta.internal.metals.MetalsLanguageServer.$anonfun$onChange$1(MetalsLanguageServer.scala:725)
	at scala.meta.internal.metals.MetalsLanguageServer.$anonfun$onChange$1$adapted(MetalsLanguageServer.scala:724)
	at scala.collection.immutable.Stream.foreach(Stream.scala:533)
	at scala.meta.internal.metals.MetalsLanguageServer.onChange(MetalsLanguageServer.scala:724)
	at scala.meta.internal.metals.MetalsLanguageServer.didChangeWatchedFiles(MetalsLanguageServer.scala:689)
	... 15 more

WARN  no build target: /Users/bill/Projects/advent_of_code/2020/dec_13/script.scala
WARN  no build target: /Users/bill/Projects/advent_of_code/2020/dec_13/script.scala
WARN  no build target: /Users/bill/Projects/advent_of_code/2020/dec_13/script.scala
WARN  no build target: /Users/bill/Projects/advent_of_code/2020/dec_13/script.scala
WARN  no build target: /Users/bill/Projects/advent_of_code/2020/dec_13/script.scala
WARN  no build target: /Users/bill/Projects/advent_of_code/2020/dec_13/script.scala
WARN  no build target: /Users/bill/Projects/advent_of_code/2020/dec_13/script.scala
WARN  no build target: /Users/bill/Projects/advent_of_code/2020/dec_13/script.scala
WARN  no build target: /Users/bill/Projects/advent_of_code/2020/dec_13/script.scala
WARN  no build target: /Users/bill/Projects/advent_of_code/2020/dec_13/script.scala
WARN  no build target: /Users/bill/Projects/advent_of_code/2020/dec_13/script.scala
WARN  no build target: /Users/bill/Projects/advent_of_code/2020/dec_13/script.scala
WARN  no build target: /Users/bill/Projects/advent_of_code/2020/dec_13/script.scala
WARN  no build target: /Users/bill/Projects/advent_of_code/2020/dec_13/script.scala
WARN  no build target: /Users/bill/Projects/advent_of_code/2020/dec_13/script.scala
WARN  no build target: /Users/bill/Projects/advent_of_code/2020/dec_13/script.scala
WARN  no build target: /Users/bill/Projects/advent_of_code/2020/dec_13/script.scala
WARN  no build target: /Users/bill/Projects/advent_of_code/2020/dec_13/script.scala
WARN  no build target: /Users/bill/Projects/advent_of_code/2020/dec_13/script.scala
WARN  no build target: /Users/bill/Projects/advent_of_code/2020/dec_13/script.scala
WARN  no build target: /Users/bill/Projects/advent_of_code/2020/dec_13/script.scala
WARN  no build target: /Users/bill/Projects/advent_of_code/2020/dec_13/script.scala
WARN  no build target: /Users/bill/Projects/advent_of_code/2020/dec_13/script.scala
WARN  no build target: /Users/bill/Projects/advent_of_code/2020/dec_13/script.scala
WARN  no build target: /Users/bill/Projects/advent_of_code/2020/dec_13/script.scala
WARN  no build target: /Users/bill/Projects/advent_of_code/2020/dec_13/script.scala
WARN  no build target: /Users/bill/Projects/advent_of_code/2020/dec_13/script.scala
WARN  no build target: /Users/bill/Projects/advent_of_code/2020/dec_13/script.scala
WARN  no build target: /Users/bill/Projects/advent_of_code/2020/dec_13/script.scala
WARN  no build target: /Users/bill/Projects/advent_of_code/2020/dec_13/script.scala
WARN  no build target: /Users/bill/Projects/advent_of_code/2020/dec_13/script.scala
WARN  no build target: /Users/bill/Projects/advent_of_code/2020/dec_13/script.scala
WARN  no build target: /Users/bill/Projects/advent_of_code/2020/dec_13/script.scala
WARN  no build target: /Users/bill/Projects/advent_of_code/2020/dec_13/script.scala
WARN  no build target: /Users/bill/Projects/advent_of_code/2020/dec_13/script.scala
WARN  no build target: /Users/bill/Projects/advent_of_code/2020/dec_13/script.scala
WARN  no build target: /Users/bill/Projects/advent_of_code/2020/dec_13/script.scala
WARN  no build target: /Users/bill/Projects/advent_of_code/2020/dec_13/script.scala
WARN  no build target: /Users/bill/Projects/advent_of_code/2020/dec_13/script.scala
WARN  no build target: /Users/bill/Projects/advent_of_code/2020/dec_13/script.scala
WARN  no build target: /Users/bill/Projects/advent_of_code/2020/dec_13/script.scala
WARN  no build target: /Users/bill/Projects/advent_of_code/2020/dec_13/script.scala
WARN  no build target: /Users/bill/Projects/advent_of_code/2020/dec_13/script.scala
WARN  no build target: /Users/bill/Projects/advent_of_code/2020/dec_13/script.scala
WARN  no build target: /Users/bill/Projects/advent_of_code/2020/dec_13/script.scala
WARN  no build target: /Users/bill/Projects/advent_of_code/2020/dec_13/script.scala
WARN  no build target: /Users/bill/Projects/advent_of_code/2020/dec_13/script.scala
WARN  no build target: /Users/bill/Projects/advent_of_code/2020/dec_13/script.scala
WARN  no build target: /Users/bill/Projects/advent_of_code/2020/dec_13/script.scala
WARN  no build target: /Users/bill/Projects/advent_of_code/2020/dec_13/script.scala
WARN  no build target: /Users/bill/Projects/advent_of_code/2020/dec_13/script.scala
WARN  no build target: /Users/bill/Projects/advent_of_code/2020/dec_13/script.scala
WARN  no build target: /Users/bill/Projects/advent_of_code/2020/dec_13/script.scala
WARN  no build target: /Users/bill/Projects/advent_of_code/2020/dec_13/script.scala
WARN  no build target: /Users/bill/Projects/advent_of_code/2020/dec_13/script.scala
WARN  no build target: /Users/bill/Projects/advent_of_code/2020/dec_13/script.scala
WARN  no build target: /Users/bill/Projects/advent_of_code/2020/dec_13/script.scala
WARN  no build target: /Users/bill/Projects/advent_of_code/2020/dec_13/script.scala
INFO  shutting down Metals
INFO  time: initialize in 0.24s
WARN  no build tool detected in workspace '/Users/bill/Projects/advent_of_code'. The most common cause for this problem is that the editor was opened in the wrong working directory, for example if you use sbt then the workspace directory should contain build.sbt. 
WARN  no build target: /Users/bill/Projects/advent_of_code/2020/dec_9/script.scala
WARN  no build target: /Users/bill/Projects/advent_of_code/2020/dec_13/script.scala
INFO  no build target: using presentation compiler with only scala-library
WARN  no build target: /Users/bill/Projects/advent_of_code/2020/dec_13/script.scala
WARN  no build target: /Users/bill/Projects/advent_of_code/2020/dec_13/script.scala
WARN  no build target: 
WARN  no build target: /Users/bill/Projects/advent_of_code/2020/dec_13/script.scala
WARN  no build target: 
WARN  no build tool detected in workspace '/Users/bill/Projects/advent_of_code'. The most common cause for this problem is that the editor was opened in the wrong working directory, for example if you use sbt then the workspace directory should contain build.sbt. 
WARN  no build target: /Users/bill/Projects/advent_of_code/2020/dec_13/script.scala
WARN  no build target: 
WARN  no build target: /Users/bill/Projects/advent_of_code/2020/dec_13/script.scala
WARN  no build target: 
WARN  no build target: /Users/bill/Projects/advent_of_code/2020/dec_13/script.scala
WARN  no build target: 
WARN  no build target: /Users/bill/Projects/advent_of_code/2020/dec_13/script.scala
WARN  no build target: 
WARN  no build target: /Users/bill/Projects/advent_of_code/2020/dec_13/script.scala
WARN  no build target: 
WARN  no build tool detected in workspace '/Users/bill/Projects/advent_of_code'. The most common cause for this problem is that the editor was opened in the wrong working directory, for example if you use sbt then the workspace directory should contain build.sbt. 
WARN  no build target: /Users/bill/Projects/advent_of_code/2020/dec_13/script.scala
WARN  no build target: /Users/bill/Projects/advent_of_code/2020/dec_13/script.scala
WARN  no build target: 
WARN  no build tool detected in workspace '/Users/bill/Projects/advent_of_code'. The most common cause for this problem is that the editor was opened in the wrong working directory, for example if you use sbt then the workspace directory should contain build.sbt. 
WARN  no build target: /Users/bill/Projects/advent_of_code/2020/dec_13/script.scala
WARN  no build target: 
WARN  no build tool detected in workspace '/Users/bill/Projects/advent_of_code'. The most common cause for this problem is that the editor was opened in the wrong working directory, for example if you use sbt then the workspace directory should contain build.sbt. 
WARN  no build target: /Users/bill/Projects/advent_of_code/2020/dec_13/script.scala
WARN  no build target: 
WARN  no build tool detected in workspace '/Users/bill/Projects/advent_of_code'. The most common cause for this problem is that the editor was opened in the wrong working directory, for example if you use sbt then the workspace directory should contain build.sbt. 
WARN  no build target: /Users/bill/Projects/advent_of_code/2020/dec_13/script.scala
WARN  no build target: 
WARN  no build target: /Users/bill/Projects/advent_of_code/2020/dec_13/script.scala
WARN  no build target: 
WARN  no build target: /Users/bill/Projects/advent_of_code/2020/dec_13/script.scala
WARN  no build target: 
WARN  no build target: /Users/bill/Projects/advent_of_code/2020/dec_13/script.scala
WARN  no build target: 
WARN  no build target: /Users/bill/Projects/advent_of_code/2020/dec_13/script.scala
WARN  no build target: 
WARN  no build target: /Users/bill/Projects/advent_of_code/2020/dec_13/script.scala
WARN  no build target: 
WARN  no build target: /Users/bill/Projects/advent_of_code/2020/dec_13/script.scala
WARN  no build target: 
WARN  no build tool detected in workspace '/Users/bill/Projects/advent_of_code'. The most common cause for this problem is that the editor was opened in the wrong working directory, for example if you use sbt then the workspace directory should contain build.sbt. 
WARN  no build target: /Users/bill/Projects/advent_of_code/2020/dec_13/script.scala
WARN  no build target: 
WARN  no build tool detected in workspace '/Users/bill/Projects/advent_of_code'. The most common cause for this problem is that the editor was opened in the wrong working directory, for example if you use sbt then the workspace directory should contain build.sbt. 
WARN  no build target: /Users/bill/Projects/advent_of_code/2020/dec_13/script.scala
WARN  no build target: 
WARN  no build tool detected in workspace '/Users/bill/Projects/advent_of_code'. The most common cause for this problem is that the editor was opened in the wrong working directory, for example if you use sbt then the workspace directory should contain build.sbt. 
WARN  no build tool detected in workspace '/Users/bill/Projects/advent_of_code'. The most common cause for this problem is that the editor was opened in the wrong working directory, for example if you use sbt then the workspace directory should contain build.sbt. 
WARN  no build tool detected in workspace '/Users/bill/Projects/advent_of_code'. The most common cause for this problem is that the editor was opened in the wrong working directory, for example if you use sbt then the workspace directory should contain build.sbt. 
WARN  no build target: /Users/bill/Projects/advent_of_code/2020/dec_13/script.scala
WARN  no build target: /Users/bill/Projects/advent_of_code/2020/dec_13/script.scala
WARN  no build target: 
WARN  no build target: /Users/bill/Projects/advent_of_code/2020/dec_13/script.scala
WARN  no build target: /Users/bill/Projects/advent_of_code/2020/dec_13/script.scala
WARN  no build target: 
WARN  no build target: /Users/bill/Projects/advent_of_code/2020/dec_13/script.scala
WARN  no build target: 
WARN  no build target: /Users/bill/Projects/advent_of_code/2020/dec_13/script.scala
WARN  no build target: 
WARN  no build target: /Users/bill/Projects/advent_of_code/2020/dec_13/script.scala
WARN  no build target: 
WARN  no build target: /Users/bill/Projects/advent_of_code/2020/dec_13/script.scala
WARN  no build target: 
WARN  no build target: /Users/bill/Projects/advent_of_code/2020/dec_13/script.scala
WARN  no build target: 
WARN  no build target: /Users/bill/Projects/advent_of_code/2020/dec_13/script.scala
WARN  no build target: 
WARN  no build target: /Users/bill/Projects/advent_of_code/2020/dec_13/script.scala
WARN  no build target: 
WARN  no build target: /Users/bill/Projects/advent_of_code/2020/dec_13/script.scala
WARN  no build target: 
WARN  no build tool detected in workspace '/Users/bill/Projects/advent_of_code'. The most common cause for this problem is that the editor was opened in the wrong working directory, for example if you use sbt then the workspace directory should contain build.sbt. 
WARN  no build target: /Users/bill/Projects/advent_of_code/2020/dec_13/script.scala
WARN  no build target: 
WARN  no build tool detected in workspace '/Users/bill/Projects/advent_of_code'. The most common cause for this problem is that the editor was opened in the wrong working directory, for example if you use sbt then the workspace directory should contain build.sbt. 
WARN  no build tool detected in workspace '/Users/bill/Projects/advent_of_code'. The most common cause for this problem is that the editor was opened in the wrong working directory, for example if you use sbt then the workspace directory should contain build.sbt. 
WARN  no build tool detected in workspace '/Users/bill/Projects/advent_of_code'. The most common cause for this problem is that the editor was opened in the wrong working directory, for example if you use sbt then the workspace directory should contain build.sbt. 
WARN  no build target: /Users/bill/Projects/advent_of_code/2020/dec_13/script.scala
WARN  no build target: 
WARN  no build target: /Users/bill/Projects/advent_of_code/2020/dec_13/script.scala
WARN  no build target: 
